<?xml version="1.0" encoding="UTF-8"?>
<!-- Generated by org.testng.reporters.JUnitReportReporter -->
<testsuite hostname="ASAK" failures="0" tests="4" name="Tests.verifyMathematicalOperations" time="36.703" errors="0" timestamp="2024-11-16T18:05:53 GST" skipped="0">
  <testcase classname="Tests.verifyMathematicalOperations" name="testAddition" time="10.837"/>
  <system-out/>
  <testcase classname="Tests.verifyMathematicalOperations" name="testSubtraction" time="8.034"/>
  <system-out/>
  <testcase classname="Tests.verifyMathematicalOperations" name="testDivision" time="8.455"/>
  <system-out/>
  <testcase classname="Tests.verifyMathematicalOperations" name="testMultiply" time="9.377"/>
  <system-out/>
</testsuite> <!-- Tests.verifyMathematicalOperations -->
